{
  "JobIndex": "12",
  "Recommendations": [
    {
      "JobSkillID": 0,
      "SimilarityScore": 0.0,
      "SkillDescription": "ability write debug optimize code using various programming languages essential software engineers game developers system programmers",
      "SkillName": "Programming"
    },
    {
      "JobSkillID": 1,
      "SimilarityScore": 0.0,
      "SkillDescription": "expertise analyze large datasets build machine learning models apply statistical techniques make data driven decisions important data scientists ai engineers",
      "SkillName": "Data Science"
    },
    {
      "JobSkillID": 2,
      "SimilarityScore": 0.0,
      "SkillDescription": "knowledge securing computer systems networks data cyber threats involves penetration testing encryption compliance security protocols",
      "SkillName": "Cybersecurity"
    },
    {
      "JobSkillID": 3,
      "SimilarityScore": 0.0,
      "SkillDescription": "ability design develop interactive websites web applications includes frontend development backend programming user experience ux design principles",
      "SkillName": "Web Development"
    },
    {
      "JobSkillID": 4,
      "SimilarityScore": 0.0,
      "SkillDescription": "skills deploy manage optimize applications cloud platforms aws azure google cloud devops focuses automation continuous integration containerization",
      "SkillName": "Cloud Computing"
    }
  ],
  "SkillDescription": ""
}
